[tornado.storeminsk.of.by/index.html]
[backblue.gif]
[fade.gif]
[index.html]
[tornado.storeminsk.of.by/favicon/favicon.ico]
[tornado.storeminsk.of.by/css/reset.css]
[tornado.storeminsk.of.by/fonts/gotham-pro/index.css]
[tornado.storeminsk.of.by/css/slick.css]
[tornado.storeminsk.of.by/css/index.css]
[cdnjs.cloudflare.com/ajax/libs/OwlCarousel2/2.3.4/assets/owl.carousel.min.css]
[cdnjs.cloudflare.com/ajax/libs/OwlCarousel2/2.3.4/assets/owl.theme.default.min.css]
[connect.facebook.net/en_US/fbevents.js]
[tornado.storeminsk.of.by/images/discount-img.png]
[tornado.storeminsk.of.by/images/1.png]
[tornado.storeminsk.of.by/images/2.png]
[tornado.storeminsk.of.by/images/3.png]
[tornado.storeminsk.of.by/images/60.png]
[tornado.storeminsk.of.by/images/29.png]
[tornado.storeminsk.of.by/images/1_rev_ava.png]
[tornado.storeminsk.of.by/images/reviews__stars.png]
[tornado.storeminsk.of.by/images/1_rev_img.png]
[tornado.storeminsk.of.by/images/2_rev_ava.png]
[tornado.storeminsk.of.by/images/2_rev_img.png]
[mc.yandex.ru/metrika/tag.js]
[tornado.storeminsk.of.by/images/first_bene_offer.png]
[tornado.storeminsk.of.by/images/zvon.png]
[tornado.storeminsk.of.by/images/dos.png]
[tornado.storeminsk.of.by/images/opl.png]
[tornado.storeminsk.of.by/politics/politics.html]
[code.jquery.com/jquery-3.5.1.min.js]
[cdnjs.cloudflare.com/ajax/libs/OwlCarousel2/2.3.4/owl.carousel.min.js]
[tornado.storeminsk.of.by/js/modal.js]
[tornado.storeminsk.of.by/js/form.js]
[tornado.storeminsk.of.by/js/index.js]
[tornado.storeminsk.of.by/index.html]
[tornado.storeminsk.of.by/css/reset.css]
[tornado.storeminsk.of.by/js/slick.js]
[tornado.storeminsk.of.by/fonts/gotham-pro/GothamPro-Bold.woff2]
[tornado.storeminsk.of.by/fonts/gotham-pro/GothamPro-Bold.eot]
[tornado.storeminsk.of.by/fonts/gotham-pro/GothamPro-Bold.woff]
[tornado.storeminsk.of.by/fonts/gotham-pro/GothamPro-Bold.ttf]
[tornado.storeminsk.of.by/fonts/gotham-pro/GothamPro-Light.woff2]
[tornado.storeminsk.of.by/fonts/gotham-pro/GothamPro-Boldd41d.eot]
[tornado.storeminsk.of.by/fonts/gotham-pro/GothamPro-Light.eot]
[tornado.storeminsk.of.by/fonts/gotham-pro/GothamPro-Light.woff]
[tornado.storeminsk.of.by/fonts/gotham-pro/GothamPro-Light.ttf]
[tornado.storeminsk.of.by/fonts/gotham-pro/GothamPro-Lightd41d.eot]
[tornado.storeminsk.of.by/fonts/gotham-pro/GothamPro-Black.woff2]
[tornado.storeminsk.of.by/fonts/gotham-pro/GothamPro-Black.woff]
[tornado.storeminsk.of.by/fonts/gotham-pro/GothamPro-Black.eot]
[tornado.storeminsk.of.by/fonts/gotham-pro/GothamPro-Black.ttf]
[tornado.storeminsk.of.by/fonts/gotham-pro/GothamPro-Blackd41d.eot]
[tornado.storeminsk.of.by/fonts/gotham-pro/GothamPro-Italic.woff2]
[tornado.storeminsk.of.by/fonts/gotham-pro/GothamPro-Italic.eot]
[tornado.storeminsk.of.by/fonts/gotham-pro/GothamPro-Italicd41d.eot]
[tornado.storeminsk.of.by/fonts/gotham-pro/GothamPro-Italic.woff]
[tornado.storeminsk.of.by/fonts/gotham-pro/GothamPro-Italic.ttf]
[tornado.storeminsk.of.by/fonts/gotham-pro/GothamProNarrow-Bold.woff2]
[tornado.storeminsk.of.by/fonts/gotham-pro/GothamProNarrow-Bold.woff]
[tornado.storeminsk.of.by/fonts/gotham-pro/GothamProNarrow-Bold.eot]
[tornado.storeminsk.of.by/fonts/gotham-pro/GothamProNarrow-Bold.ttf]
[tornado.storeminsk.of.by/fonts/gotham-pro/GothamProNarrow-Boldd41d.eot]
[tornado.storeminsk.of.by/fonts/gotham-pro/GothamPro-Medium.woff2]
[tornado.storeminsk.of.by/fonts/gotham-pro/GothamPro-Medium.woff]
[tornado.storeminsk.of.by/fonts/gotham-pro/GothamPro-Medium.ttf]
[tornado.storeminsk.of.by/fonts/gotham-pro/GothamPro-Medium.eot]
[tornado.storeminsk.of.by/fonts/gotham-pro/GothamPro-BoldItalic.woff2]
[tornado.storeminsk.of.by/fonts/gotham-pro/GothamPro-BoldItalic.woff]
[tornado.storeminsk.of.by/fonts/gotham-pro/GothamPro-Mediumd41d.eot]
[tornado.storeminsk.of.by/fonts/gotham-pro/GothamPro-BoldItalic.eot]
[tornado.storeminsk.of.by/fonts/gotham-pro/GothamPro-BoldItalic.ttf]
[tornado.storeminsk.of.by/fonts/gotham-pro/GothamPro.woff2]
[tornado.storeminsk.of.by/fonts/gotham-pro/GothamPro-BoldItalicd41d.eot]
[tornado.storeminsk.of.by/fonts/gotham-pro/GothamPro.eot]
[tornado.storeminsk.of.by/fonts/gotham-pro/GothamPro.woff]
[tornado.storeminsk.of.by/fonts/gotham-pro/GothamPro.ttf]
[tornado.storeminsk.of.by/fonts/gotham-pro/GothamPro-MediumItalic.woff2]
[tornado.storeminsk.of.by/fonts/gotham-pro/GothamProd41d.eot]
[tornado.storeminsk.of.by/fonts/gotham-pro/GothamPro-MediumItalic.eot]
[tornado.storeminsk.of.by/fonts/gotham-pro/GothamPro-MediumItalic.woff]
[tornado.storeminsk.of.by/fonts/gotham-pro/GothamPro-MediumItalic.ttf]
[tornado.storeminsk.of.by/fonts/gotham-pro/GothamPro-MediumItalicd41d.eot]
[tornado.storeminsk.of.by/fonts/gotham-pro/GothamPro-BlackItalic.woff2]
[tornado.storeminsk.of.by/fonts/gotham-pro/GothamPro-BlackItalic.eot]
[tornado.storeminsk.of.by/fonts/gotham-pro/GothamPro-BlackItalic.woff]
[tornado.storeminsk.of.by/fonts/gotham-pro/GothamPro-BlackItalic.ttf]
[tornado.storeminsk.of.by/fonts/gotham-pro/GothamPro-BlackItalicd41d.eot]
[tornado.storeminsk.of.by/fonts/gotham-pro/GothamProNarrow-Medium.woff2]
[tornado.storeminsk.of.by/fonts/gotham-pro/GothamProNarrow-Medium.woff]
[tornado.storeminsk.of.by/fonts/gotham-pro/GothamProNarrow-Medium.ttf]
[tornado.storeminsk.of.by/fonts/gotham-pro/GothamProNarrow-Medium.eot]
[tornado.storeminsk.of.by/fonts/gotham-pro/GothamPro-LightItalic.woff2]
[tornado.storeminsk.of.by/fonts/gotham-pro/GothamPro-LightItalic.woff]
[tornado.storeminsk.of.by/fonts/gotham-pro/GothamProNarrow-Mediumd41d.eot]
[tornado.storeminsk.of.by/fonts/gotham-pro/GothamPro-LightItalic.eot]
[tornado.storeminsk.of.by/fonts/gotham-pro/GothamPro-LightItalic.ttf]
[tornado.storeminsk.of.by/fonts/gotham-pro/index.css]
[tornado.storeminsk.of.by/fonts/gilroy/Gilroy-Light.woff2]
[tornado.storeminsk.of.by/fonts/gilroy/Gilroy-Light.woff]
[tornado.storeminsk.of.by/fonts/gotham-pro/GothamPro-LightItalicd41d.eot]
[tornado.storeminsk.of.by/fonts/gilroy/Gilroy-Light.ttf]
[tornado.storeminsk.of.by/fonts/gilroy/style.css]
[tornado.storeminsk.of.by/css/slick.css]
[tornado.storeminsk.of.by/images/primary-bg.png]
[tornado.storeminsk.of.by/images/why_image.png]
[tornado.storeminsk.of.by/images/xp_image.png]
[tornado.storeminsk.of.by/images/boost_image.png]
[tornado.storeminsk.of.by/images/rect.png]
[tornado.storeminsk.of.by/css/index.css]
[cdnjs.cloudflare.com/ajax/libs/OwlCarousel2/2.3.4/assets/owl.video.play.png]
[cdnjs.cloudflare.com/ajax/libs/OwlCarousel2/2.3.4/assets/owl.carousel.min.css]
[cdnjs.cloudflare.com/ajax/libs/OwlCarousel2/2.3.4/assets/owl.theme.default.min.css]
[connect.facebook.net/en_US/fbevents.js]
[tornado.storeminsk.of.by/politics/politics.html]
[tornado.storeminsk.of.by/POST.html]
